2014/08/06 08:40:09 [error] [exception.CException] exception 'CException' with message 'Property "Book.tipe_id" is not defined.' in D:\GitHub\yii\framework\base\CComponent.php:130
Stack trace:
#0 D:\GitHub\yii\framework\db\ar\CActiveRecord.php(143): CComponent->__get('tipe_id')
#1 D:\GitHub\yii\framework\web\helpers\CHtml.php(2255): CActiveRecord->__get('tipe_id')
#2 D:\GitHub\yii\framework\web\helpers\CHtml.php(1565): CHtml::resolveValue(Object(Book), 'tipe_id')
#3 D:\GitHub\yii\framework\web\widgets\CActiveForm.php(763): CHtml::activeDropDownList(Object(Book), 'tipe_id', Array, Array)
#4 D:\GitHub\cbdb\protected\views\book\_form.php(26): CActiveForm->dropDownList(Object(Book), 'tipe_id', Array)
#5 D:\GitHub\yii\framework\web\CBaseController.php(126): require('D:\GitHub\cbdb\...')
#6 D:\GitHub\yii\framework\web\CBaseController.php(95): CBaseController->renderInternal('D:\GitHub\cbdb\...', Array, true)
#7 D:\GitHub\yii\framework\web\CController.php(869): CBaseController->renderFile('D:\GitHub\cbdb\...', Array, true)
#8 D:\GitHub\cbdb\protected\views\book\create.php(18): CController->renderPartial('_form', Array)
#9 D:\GitHub\yii\framework\web\CBaseController.php(126): require('D:\GitHub\cbdb\...')
#10 D:\GitHub\yii\framework\web\CBaseController.php(95): CBaseController->renderInternal('D:\GitHub\cbdb\...', Array, true)
#11 D:\GitHub\yii\framework\web\CController.php(869): CBaseController->renderFile('D:\GitHub\cbdb\...', Array, true)
#12 D:\GitHub\yii\framework\web\CController.php(782): CController->renderPartial('create', Array, true)
#13 D:\GitHub\cbdb\protected\controllers\BookController.php(79): CController->render('create', Array)
#14 D:\GitHub\yii\framework\web\actions\CInlineAction.php(49): BookController->actionCreate()
#15 D:\GitHub\yii\framework\web\CController.php(308): CInlineAction->runWithParams(Array)
#16 D:\GitHub\yii\framework\web\filters\CFilterChain.php(133): CController->runAction(Object(CInlineAction))
#17 D:\GitHub\yii\framework\web\filters\CFilter.php(40): CFilterChain->run()
#18 D:\GitHub\yii\framework\web\CController.php(1145): CFilter->filter(Object(CFilterChain))
#19 D:\GitHub\yii\framework\web\filters\CInlineFilter.php(58): CController->filterAccessControl(Object(CFilterChain))
#20 D:\GitHub\yii\framework\web\filters\CFilterChain.php(130): CInlineFilter->filter(Object(CFilterChain))
#21 D:\GitHub\yii\framework\web\CController.php(291): CFilterChain->run()
#22 D:\GitHub\yii\framework\web\CController.php(265): CController->runActionWithFilters(Object(CInlineAction), Array)
#23 D:\GitHub\yii\framework\web\CWebApplication.php(282): CController->run('create')
#24 D:\GitHub\yii\framework\web\CWebApplication.php(141): CWebApplication->runController('book/create')
#25 D:\GitHub\yii\framework\base\CApplication.php(169): CWebApplication->processRequest()
#26 D:\GitHub\cbdb\index.php(13): CApplication->run()
#27 {main}
REQUEST_URI=/git/cbdb/index.php/book/create
HTTP_REFERER=http://localhost/git/cbdb/index.php/book
---
2014/08/06 08:54:15 [error] [exception.CException] exception 'CException' with message 'Property "Book.signe" is not defined.' in D:\GitHub\yii\framework\base\CComponent.php:130
Stack trace:
#0 D:\GitHub\yii\framework\db\ar\CActiveRecord.php(143): CComponent->__get('signe')
#1 D:\GitHub\yii\framework\web\helpers\CHtml.php(2255): CActiveRecord->__get('signe')
#2 D:\GitHub\yii\framework\web\helpers\CHtml.php(1506): CHtml::resolveValue(Object(Book), 'signe')
#3 D:\GitHub\yii\framework\web\widgets\CActiveForm.php(747): CHtml::activeCheckBox(Object(Book), 'signe', Array)
#4 D:\GitHub\cbdb\protected\views\book\_form.php(56): CActiveForm->checkBox(Object(Book), 'signe')
#5 D:\GitHub\yii\framework\web\CBaseController.php(126): require('D:\GitHub\cbdb\...')
#6 D:\GitHub\yii\framework\web\CBaseController.php(95): CBaseController->renderInternal('D:\GitHub\cbdb\...', Array, true)
#7 D:\GitHub\yii\framework\web\CController.php(869): CBaseController->renderFile('D:\GitHub\cbdb\...', Array, true)
#8 D:\GitHub\cbdb\protected\views\book\create.php(18): CController->renderPartial('_form', Array)
#9 D:\GitHub\yii\framework\web\CBaseController.php(126): require('D:\GitHub\cbdb\...')
#10 D:\GitHub\yii\framework\web\CBaseController.php(95): CBaseController->renderInternal('D:\GitHub\cbdb\...', Array, true)
#11 D:\GitHub\yii\framework\web\CController.php(869): CBaseController->renderFile('D:\GitHub\cbdb\...', Array, true)
#12 D:\GitHub\yii\framework\web\CController.php(782): CController->renderPartial('create', Array, true)
#13 D:\GitHub\cbdb\protected\controllers\BookController.php(79): CController->render('create', Array)
#14 D:\GitHub\yii\framework\web\actions\CInlineAction.php(49): BookController->actionCreate()
#15 D:\GitHub\yii\framework\web\CController.php(308): CInlineAction->runWithParams(Array)
#16 D:\GitHub\yii\framework\web\filters\CFilterChain.php(133): CController->runAction(Object(CInlineAction))
#17 D:\GitHub\yii\framework\web\filters\CFilter.php(40): CFilterChain->run()
#18 D:\GitHub\yii\framework\web\CController.php(1145): CFilter->filter(Object(CFilterChain))
#19 D:\GitHub\yii\framework\web\filters\CInlineFilter.php(58): CController->filterAccessControl(Object(CFilterChain))
#20 D:\GitHub\yii\framework\web\filters\CFilterChain.php(130): CInlineFilter->filter(Object(CFilterChain))
#21 D:\GitHub\yii\framework\web\CController.php(291): CFilterChain->run()
#22 D:\GitHub\yii\framework\web\CController.php(265): CController->runActionWithFilters(Object(CInlineAction), Array)
#23 D:\GitHub\yii\framework\web\CWebApplication.php(282): CController->run('create')
#24 D:\GitHub\yii\framework\web\CWebApplication.php(141): CWebApplication->runController('book/create')
#25 D:\GitHub\yii\framework\base\CApplication.php(169): CWebApplication->processRequest()
#26 D:\GitHub\cbdb\index.php(13): CApplication->run()
#27 {main}
REQUEST_URI=/git/cbdb/index.php/book/create
HTTP_REFERER=http://localhost/git/cbdb/index.php/book
---
